Synthesizing design: ahb_slave_q.sv
dc_shell-t -x "source -echo do_mapping.tcl"
                                        
                           Design Compiler Graphical 
                                 DC Ultra (TM)
                                  DFTMAX (TM)
                              Power Compiler (TM)
                                 DesignWare (R)
                                 DC Expert (TM)
                               Design Vision (TM)
                               HDL Compiler (TM)
                               VHDL Compiler (TM)
                                  DFT Compiler
                               Design Compiler(R)
                                        
               Version K-2015.06-SP1 for linux64 - Jul 21, 2015 
                                        
                    Copyright (c) 1988 - 2015 Synopsys, Inc.
   This software and the associated documentation are proprietary to Synopsys,
 Inc. This software may only be used in accordance with the terms and conditions
 of a written license agreement with Synopsys, Inc. All other use, reproduction,
            or distribution of this software is strictly prohibited.
Initializing...
# Step 1:  Read in the source file
analyze -format sverilog -lib WORK { ahb_slave_q.sv}
Running PRESTO HDLC
Compiling source file ./source/ahb_slave_q.sv
Presto compilation completed successfully.
Loading db file '/package/eda/cells/OSU/v2.7/synopsys/lib/ami05/osu05_stdcells.db'
Loading db file '/package/eda/synopsys/syn-K-2015.06-SP1/libraries/syn/dw_foundation.sldb'
elaborate ahb_slave_q -lib WORK
Loading db file '/package/eda/synopsys/syn-K-2015.06-SP1/libraries/syn/gtech.db'
Loading db file '/package/eda/synopsys/syn-K-2015.06-SP1/libraries/syn/standard.sldb'
  Loading link library 'osu05_stdcells'
  Loading link library 'gtech'
Running PRESTO HDLC

Statistics for case statements in always block at line 34 in file
	'./source/ahb_slave_q.sv'
===============================================
|           Line           |  full/ parallel  |
===============================================
|            37            |     no/auto      |
===============================================

Statistics for case statements in always block at line 67 in file
	'./source/ahb_slave_q.sv'
===============================================
|           Line           |  full/ parallel  |
===============================================
|            77            |     no/auto      |
===============================================

Inferred memory devices in process
	in routine ahb_slave_q line 128 in file
		'./source/ahb_slave_q.sv'.
===============================================================================
|    Register Name    |   Type    | Width | Bus | MB | AR | AS | SR | SS | ST |
===============================================================================
|      state_reg      | Flip-flop |   2   |  Y  | N  | Y  | N  | N  | N  | N  |
===============================================================================

Inferred memory devices in process
	in routine ahb_slave_q line 136 in file
		'./source/ahb_slave_q.sv'.
===============================================================================
|    Register Name    |   Type    | Width | Bus | MB | AR | AS | SR | SS | ST |
===============================================================================
|     address_reg     | Flip-flop |  32   |  Y  | N  | N  | N  | N  | N  | N  |
|       key_reg       | Flip-flop |  128  |  Y  | N  | Y  | N  | N  | N  | N  |
|  data_read_loc_reg  | Flip-flop |  32   |  Y  | N  | Y  | N  | N  | N  | N  |
| data_write_loc_reg  | Flip-flop |  32   |  Y  | N  | Y  | N  | N  | N  | N  |
|    size_data_reg    | Flip-flop |  32   |  Y  | N  | Y  | N  | N  | N  | N  |
|      flag_reg       | Flip-flop |   2   |  Y  | N  | Y  | N  | N  | N  | N  |
|     hrdata_reg      | Flip-flop |  32   |  Y  | N  | Y  | N  | N  | N  | N  |
|     signal_reg      | Flip-flop |   1   |  N  | N  | Y  | N  | N  | N  | N  |
===============================================================================
Presto compilation completed successfully.
Elaborated 1 design.
Current design is now 'ahb_slave_q'.
uniquify
# Step 2: Set design constraints
# Uncomment below to set timing, area, power, etc. constraints
# set_max_delay <delay> -from "<input>" -to "<output>"
# set_max_area <area>
# set_max_total_power <power> mW
# Step 3: Compile the design
compile -map_effort medium
Information: Evaluating DesignWare library utilization. (UISN-27)

============================================================================
| DesignWare Building Block Library  |         Version         | Available |
============================================================================
| Basic DW Building Blocks           | K-2015.06-DWBB_201506.1 |     *     |
| Licensed DW Building Blocks        | K-2015.06-DWBB_201506.1 |           |
============================================================================


Information: There are 1 potential problems in your design. Please run 'check_design' for more information. (LINT-99)



  Beginning Pass 1 Mapping
  ------------------------
  Processing 'ahb_slave_q'

  Updating timing information
Information: Updating design information... (UID-85)
Information: Design 'ahb_slave_q' has no optimization constraints set. (OPT-108)

  Beginning Mapping Optimizations  (Medium effort)
  -------------------------------
  Structuring 'ahb_slave_q'
  Mapping 'ahb_slave_q'

                                  TOTAL                                      
   ELAPSED            WORST NEG   SETUP    DESIGN                            
    TIME      AREA      SLACK     COST    RULE COST         ENDPOINT         
  --------- --------- --------- --------- --------- -------------------------
    0:00:02  623952.0      0.00       0.0       6.1                          
    0:00:02  623952.0      0.00       0.0       6.1                          
    0:00:02  623952.0      0.00       0.0       6.1                          
    0:00:02  623952.0      0.00       0.0       6.1                          
    0:00:02  623952.0      0.00       0.0       6.1                          
    0:00:02  623952.0      0.00       0.0       6.1                          
    0:00:02  623952.0      0.00       0.0       6.1                          
    0:00:02  623952.0      0.00       0.0       6.1                          
    0:00:02  623952.0      0.00       0.0       6.1                          
    0:00:02  624384.0      0.00       0.0       4.5                          
    0:00:02  624816.0      0.00       0.0       3.0                          
    0:00:02  625248.0      0.00       0.0       1.5                          
    0:00:02  625464.0      0.00       0.0       0.8                          
    0:00:02  625680.0      0.00       0.0       0.0                          
    0:00:02  625680.0      0.00       0.0       0.0                          
    0:00:02  625680.0      0.00       0.0       0.0                          
    0:00:02  625680.0      0.00       0.0       0.0                          



  Beginning Delay Optimization Phase
  ----------------------------------

                                  TOTAL                                      
   ELAPSED            WORST NEG   SETUP    DESIGN                            
    TIME      AREA      SLACK     COST    RULE COST         ENDPOINT         
  --------- --------- --------- --------- --------- -------------------------
    0:00:02  625680.0      0.00       0.0       0.0                          
    0:00:02  625680.0      0.00       0.0       0.0                          
    0:00:02  625680.0      0.00       0.0       0.0                          


  Beginning Area-Recovery Phase  (cleanup)
  -----------------------------

                                  TOTAL                                      
   ELAPSED            WORST NEG   SETUP    DESIGN                            
    TIME      AREA      SLACK     COST    RULE COST         ENDPOINT         
  --------- --------- --------- --------- --------- -------------------------
    0:00:02  625680.0      0.00       0.0       0.0                          
    0:00:02  625680.0      0.00       0.0       0.0                          
    0:00:02  625680.0      0.00       0.0       0.0                          
    0:00:02  625680.0      0.00       0.0       0.0                          
    0:00:02  625680.0      0.00       0.0       0.0                          
    0:00:02  625680.0      0.00       0.0       0.0                          
    0:00:02  625680.0      0.00       0.0       0.0                          
    0:00:02  625680.0      0.00       0.0       0.0                          
    0:00:02  625680.0      0.00       0.0       0.0                          
    0:00:02  625680.0      0.00       0.0       0.0                          
    0:00:02  625680.0      0.00       0.0       0.0                          
Loading db file '/package/eda/cells/OSU/v2.7/synopsys/lib/ami05/osu05_stdcells.db'


Note: Symbol # after min delay cost means estimated hold TNS across all active scenarios 


  Optimization Complete
  ---------------------
# Step 4: Output reports
report_timing -path full -delay max -max_paths 1 -nworst 1 > reports/ahb_slave_q.rep
report_area >> reports/ahb_slave_q.rep
report_power -hier >> reports/ahb_slave_q.rep
# Step 5: Output final VHDL and Verilog files
write_file -format verilog -hierarchy -output "mapped/ahb_slave_q.v"
Writing verilog file '/home/ecegrid/a/mg135/ece337/project/mapped/ahb_slave_q.v'.
Warning: Verilog 'assign' or 'tran' statements are written out. (VO-4)
echo "\nScript Done\n"

Script Done

echo "\nChecking Design\n"

Checking Design

check_design
 
****************************************
check_design summary:
Version:     K-2015.06-SP1
Date:        Fri Apr 27 03:31:26 2018
****************************************

                   Name                                            Total
--------------------------------------------------------------------------------
Inputs/Outputs                                                      1
    Constant outputs (LINT-52)                                      1
--------------------------------------------------------------------------------

Warning: In design 'ahb_slave_q', output port 'hreadyout' is connected directly to 'logic 1'. (LINT-52)
quit

Thank you...
Done


