Synthesizing design: MixColumns.sv
dc_shell-t -x "source -echo do_mapping.tcl"
                                        
                           Design Compiler Graphical 
                                 DC Ultra (TM)
                                  DFTMAX (TM)
                              Power Compiler (TM)
                                 DesignWare (R)
                                 DC Expert (TM)
                               Design Vision (TM)
                               HDL Compiler (TM)
                               VHDL Compiler (TM)
                                  DFT Compiler
                               Design Compiler(R)
                                        
               Version K-2015.06-SP1 for linux64 - Jul 21, 2015 
                                        
                    Copyright (c) 1988 - 2015 Synopsys, Inc.
   This software and the associated documentation are proprietary to Synopsys,
 Inc. This software may only be used in accordance with the terms and conditions
 of a written license agreement with Synopsys, Inc. All other use, reproduction,
            or distribution of this software is strictly prohibited.
Initializing...
# Step 1:  Read in the source file
analyze -format sverilog -lib WORK { MixColumns.sv}
Running PRESTO HDLC
Compiling source file ./source/MixColumns.sv
Presto compilation completed successfully.
Loading db file '/package/eda/cells/OSU/v2.7/synopsys/lib/ami05/osu05_stdcells.db'
Loading db file '/package/eda/synopsys/syn-K-2015.06-SP1/libraries/syn/dw_foundation.sldb'
elaborate MixColumns -lib WORK
Loading db file '/package/eda/synopsys/syn-K-2015.06-SP1/libraries/syn/gtech.db'
Loading db file '/package/eda/synopsys/syn-K-2015.06-SP1/libraries/syn/standard.sldb'
  Loading link library 'osu05_stdcells'
  Loading link library 'gtech'
Running PRESTO HDLC

Inferred memory devices in process
	in routine MixColumns line 25 in file
		'./source/MixColumns.sv'.
===========================================================================
|    Register Name    | Type  | Width | Bus | MB | AR | AS | SR | SS | ST |
===========================================================================
|      array_reg      | Latch |  128  |  Y  | N  | N  | N  | -  | -  | -  |
===========================================================================

Inferred memory devices in process
	in routine MixColumns line 49 in file
		'./source/MixColumns.sv'.
===============================================================================
|    Register Name    |   Type    | Width | Bus | MB | AR | AS | SR | SS | ST |
===============================================================================
|      ff_q_reg       | Flip-flop |  132  |  Y  | N  | Y  | N  | N  | N  | N  |
===============================================================================
Warning:  ./source/MixColumns.sv:25: Netlist for always_comb block contains a latch. (ELAB-974)
Presto compilation completed successfully.
Elaborated 1 design.
Current design is now 'MixColumns'.
Information: Building the design 'ff_mult_8bit'. (HDL-193)
Warning: Cannot find the design 'ff_mult_8bit' in the library 'WORK'. (LBR-1)
Information: Building the design 'ff_add_8bit'. (HDL-193)
Warning: Cannot find the design 'ff_add_8bit' in the library 'WORK'. (LBR-1)
Warning: Design 'MixColumns' has '2' unresolved references. For more detailed information, use the "link" command. (UID-341)
uniquify
Warning: Design 'MixColumns' has '2' unresolved references. For more detailed information, use the "link" command. (UID-341)
# Step 2: Set design constraints
# Uncomment below to set timing, area, power, etc. constraints
# set_max_delay <delay> -from "<input>" -to "<output>"
# set_max_area <area>
# set_max_total_power <power> mW
# Step 3: Compile the design
compile -map_effort medium
Warning: Design 'MixColumns' has '2' unresolved references. For more detailed information, use the "link" command. (UID-341)
Information: Evaluating DesignWare library utilization. (UISN-27)

============================================================================
| DesignWare Building Block Library  |         Version         | Available |
============================================================================
| Basic DW Building Blocks           | K-2015.06-DWBB_201506.1 |     *     |
| Licensed DW Building Blocks        | K-2015.06-DWBB_201506.1 |           |
============================================================================


Information: There are 132 potential problems in your design. Please run 'check_design' for more information. (LINT-99)



  Beginning Pass 1 Mapping
  ------------------------
  Processing 'MixColumns'
Information: Building the design 'ff_mult_8bit'. (HDL-193)
Warning: Cannot find the design 'ff_mult_8bit' in the library 'WORK'. (LBR-1)
Information: Building the design 'ff_add_8bit'. (HDL-193)
Warning: Cannot find the design 'ff_add_8bit' in the library 'WORK'. (LBR-1)
Warning: Unable to resolve reference 'ff_mult_8bit' in 'MixColumns'. (LINK-5)
Warning: Unable to resolve reference 'ff_add_8bit' in 'MixColumns'. (LINK-5)

  Updating timing information
Information: Updating design information... (UID-85)
Information: Design 'MixColumns' has no optimization constraints set. (OPT-108)

  Beginning Mapping Optimizations  (Medium effort)
  -------------------------------
  Structuring 'MixColumns'
  Mapping 'MixColumns'

                                  TOTAL                                      
   ELAPSED            WORST NEG   SETUP    DESIGN                            
    TIME      AREA      SLACK     COST    RULE COST         ENDPOINT         
  --------- --------- --------- --------- --------- -------------------------
    0:00:02  330408.0      0.00       0.0       0.0                          
    0:00:02  330408.0      0.00       0.0       0.0                          
    0:00:02  330408.0      0.00       0.0       0.0                          
    0:00:02  330408.0      0.00       0.0       0.0                          
    0:00:02  330408.0      0.00       0.0       0.0                          
    0:00:02  328392.0      0.00       0.0       0.0                          
    0:00:02  328392.0      0.00       0.0       0.0                          
    0:00:02  328392.0      0.00       0.0       0.0                          
    0:00:02  328392.0      0.00       0.0       0.0                          
    0:00:02  328392.0      0.00       0.0       0.0                          
    0:00:02  328392.0      0.00       0.0       0.0                          
    0:00:02  328392.0      0.00       0.0       0.0                          
    0:00:02  328392.0      0.00       0.0       0.0                          



  Beginning Delay Optimization Phase
  ----------------------------------

                                  TOTAL                                      
   ELAPSED            WORST NEG   SETUP    DESIGN                            
    TIME      AREA      SLACK     COST    RULE COST         ENDPOINT         
  --------- --------- --------- --------- --------- -------------------------
    0:00:02  328392.0      0.00       0.0       0.0                          
    0:00:02  328392.0      0.00       0.0       0.0                          
    0:00:02  328392.0      0.00       0.0       0.0                          


  Beginning Area-Recovery Phase  (cleanup)
  -----------------------------

                                  TOTAL                                      
   ELAPSED            WORST NEG   SETUP    DESIGN                            
    TIME      AREA      SLACK     COST    RULE COST         ENDPOINT         
  --------- --------- --------- --------- --------- -------------------------
    0:00:02  328392.0      0.00       0.0       0.0                          
    0:00:02  328392.0      0.00       0.0       0.0                          
    0:00:02  328248.0      0.00       0.0       0.0                          
    0:00:02  328104.0      0.00       0.0       0.0                          
    0:00:02  327960.0      0.00       0.0       0.0                          
    0:00:02  327600.0      0.00       0.0       0.0                          
    0:00:02  327456.0      0.00       0.0       0.0                          
    0:00:02  327456.0      0.00       0.0       0.0                          
    0:00:02  327456.0      0.00       0.0       0.0                          
    0:00:02  327456.0      0.00       0.0       0.0                          
    0:00:02  327456.0      0.00       0.0       0.0                          
    0:00:02  327456.0      0.00       0.0       0.0                          
    0:00:02  327456.0      0.00       0.0       0.0                          
    0:00:02  327456.0      0.00       0.0       0.0                          
Loading db file '/package/eda/cells/OSU/v2.7/synopsys/lib/ami05/osu05_stdcells.db'


Note: Symbol # after min delay cost means estimated hold TNS across all active scenarios 


  Optimization Complete
  ---------------------
# Step 4: Output reports
report_timing -path full -delay max -max_paths 1 -nworst 1 > reports/MixColumns.rep
report_area >> reports/MixColumns.rep
report_power -hier >> reports/MixColumns.rep
# Step 5: Output final VHDL and Verilog files
write_file -format verilog -hierarchy -output "mapped/MixColumns.v"
Warning: Design 'MixColumns' has '2' unresolved references. For more detailed information, use the "link" command. (UID-341)
Writing verilog file '/home/ecegrid/a/mg135/ece337/project_budget_expr/mapped/MixColumns.v'.
echo "\nScript Done\n"

Script Done

echo "\nChecking Design\n"

Checking Design

check_design
Warning: Design 'MixColumns' has '2' unresolved references. For more detailed information, use the "link" command. (UID-341)
 
****************************************
check_design summary:
Version:     K-2015.06-SP1
Date:        Thu Mar 29 22:29:04 2018
****************************************

                   Name                                            Total
--------------------------------------------------------------------------------
Nets                                                                6
    Multiply driven net with constant driver (LINT-54)              6

Tristate                                                          134
    A tristate bus has a non tri-state driver (LINT-34)           134
--------------------------------------------------------------------------------

Warning: In design 'MixColumns', three-state bus 'net13' has non three-state driver 'C0/**logic_0**'. (LINT-34)
Warning: In design 'MixColumns', three-state bus 'net14' has non three-state driver 'C1/**logic_0**'. (LINT-34)
Warning: In design 'MixColumns', three-state bus 'net15' has non three-state driver 'C2/**logic_0**'. (LINT-34)
Warning: In design 'MixColumns', three-state bus 'net16' has non three-state driver 'C3/**logic_0**'. (LINT-34)
Warning: In design 'MixColumns', three-state bus 'array[0][0][0]' has non three-state driver 'array_reg[0][0][0]/Q'. (LINT-34)
Warning: In design 'MixColumns', three-state bus 'array[0][0][1]' has non three-state driver 'array_reg[0][0][1]/Q'. (LINT-34)
Warning: In design 'MixColumns', three-state bus 'array[0][0][2]' has non three-state driver 'array_reg[0][0][2]/Q'. (LINT-34)
Warning: In design 'MixColumns', three-state bus 'array[0][0][3]' has non three-state driver 'array_reg[0][0][3]/Q'. (LINT-34)
Warning: In design 'MixColumns', three-state bus 'array[0][0][4]' has non three-state driver 'array_reg[0][0][4]/Q'. (LINT-34)
Warning: In design 'MixColumns', three-state bus 'array[0][0][5]' has non three-state driver 'array_reg[0][0][5]/Q'. (LINT-34)
Warning: In design 'MixColumns', three-state bus 'array[0][0][6]' has non three-state driver 'array_reg[0][0][6]/Q'. (LINT-34)
Warning: In design 'MixColumns', three-state bus 'array[0][0][7]' has non three-state driver 'array_reg[0][0][7]/Q'. (LINT-34)
Warning: In design 'MixColumns', three-state bus 'array[0][1][0]' has non three-state driver 'array_reg[0][1][0]/Q'. (LINT-34)
Warning: In design 'MixColumns', three-state bus 'array[0][1][1]' has non three-state driver 'array_reg[0][1][1]/Q'. (LINT-34)
Warning: In design 'MixColumns', three-state bus 'array[0][1][2]' has non three-state driver 'array_reg[0][1][2]/Q'. (LINT-34)
Warning: In design 'MixColumns', three-state bus 'array[0][1][3]' has non three-state driver 'array_reg[0][1][3]/Q'. (LINT-34)
Warning: In design 'MixColumns', three-state bus 'array[0][1][4]' has non three-state driver 'array_reg[0][1][4]/Q'. (LINT-34)
Warning: In design 'MixColumns', three-state bus 'array[0][1][5]' has non three-state driver 'array_reg[0][1][5]/Q'. (LINT-34)
Warning: In design 'MixColumns', three-state bus 'array[0][1][6]' has non three-state driver 'array_reg[0][1][6]/Q'. (LINT-34)
Warning: In design 'MixColumns', three-state bus 'array[0][1][7]' has non three-state driver 'array_reg[0][1][7]/Q'. (LINT-34)
Warning: In design 'MixColumns', three-state bus 'array[0][2][0]' has non three-state driver 'array_reg[0][2][0]/Q'. (LINT-34)
Warning: In design 'MixColumns', three-state bus 'array[0][2][1]' has non three-state driver 'array_reg[0][2][1]/Q'. (LINT-34)
Warning: In design 'MixColumns', three-state bus 'array[0][2][2]' has non three-state driver 'array_reg[0][2][2]/Q'. (LINT-34)
Warning: In design 'MixColumns', three-state bus 'array[0][2][3]' has non three-state driver 'array_reg[0][2][3]/Q'. (LINT-34)
Warning: In design 'MixColumns', three-state bus 'array[0][2][4]' has non three-state driver 'array_reg[0][2][4]/Q'. (LINT-34)
Warning: In design 'MixColumns', three-state bus 'array[0][2][5]' has non three-state driver 'array_reg[0][2][5]/Q'. (LINT-34)
Warning: In design 'MixColumns', three-state bus 'array[0][2][6]' has non three-state driver 'array_reg[0][2][6]/Q'. (LINT-34)
Warning: In design 'MixColumns', three-state bus 'array[0][2][7]' has non three-state driver 'array_reg[0][2][7]/Q'. (LINT-34)
Warning: In design 'MixColumns', three-state bus 'array[0][3][0]' has non three-state driver 'array_reg[0][3][0]/Q'. (LINT-34)
Warning: In design 'MixColumns', three-state bus 'array[0][3][1]' has non three-state driver 'array_reg[0][3][1]/Q'. (LINT-34)
Warning: In design 'MixColumns', three-state bus 'array[0][3][2]' has non three-state driver 'array_reg[0][3][2]/Q'. (LINT-34)
Warning: In design 'MixColumns', three-state bus 'array[0][3][3]' has non three-state driver 'array_reg[0][3][3]/Q'. (LINT-34)
Warning: In design 'MixColumns', three-state bus 'array[0][3][4]' has non three-state driver 'array_reg[0][3][4]/Q'. (LINT-34)
Warning: In design 'MixColumns', three-state bus 'array[0][3][5]' has non three-state driver 'array_reg[0][3][5]/Q'. (LINT-34)
Warning: In design 'MixColumns', three-state bus 'array[0][3][6]' has non three-state driver 'array_reg[0][3][6]/Q'. (LINT-34)
Warning: In design 'MixColumns', three-state bus 'array[0][3][7]' has non three-state driver 'array_reg[0][3][7]/Q'. (LINT-34)
Warning: In design 'MixColumns', three-state bus 'array[1][0][0]' has non three-state driver 'array_reg[1][0][0]/Q'. (LINT-34)
Warning: In design 'MixColumns', three-state bus 'array[1][0][1]' has non three-state driver 'array_reg[1][0][1]/Q'. (LINT-34)
Warning: In design 'MixColumns', three-state bus 'array[1][0][2]' has non three-state driver 'array_reg[1][0][2]/Q'. (LINT-34)
Warning: In design 'MixColumns', three-state bus 'array[1][0][3]' has non three-state driver 'array_reg[1][0][3]/Q'. (LINT-34)
Warning: In design 'MixColumns', three-state bus 'array[1][0][4]' has non three-state driver 'array_reg[1][0][4]/Q'. (LINT-34)
Warning: In design 'MixColumns', three-state bus 'array[1][0][5]' has non three-state driver 'array_reg[1][0][5]/Q'. (LINT-34)
Warning: In design 'MixColumns', three-state bus 'array[1][0][6]' has non three-state driver 'array_reg[1][0][6]/Q'. (LINT-34)
Warning: In design 'MixColumns', three-state bus 'array[1][0][7]' has non three-state driver 'array_reg[1][0][7]/Q'. (LINT-34)
Warning: In design 'MixColumns', three-state bus 'array[1][1][0]' has non three-state driver 'array_reg[1][1][0]/Q'. (LINT-34)
Warning: In design 'MixColumns', three-state bus 'array[1][1][1]' has non three-state driver 'array_reg[1][1][1]/Q'. (LINT-34)
Warning: In design 'MixColumns', three-state bus 'array[1][1][2]' has non three-state driver 'array_reg[1][1][2]/Q'. (LINT-34)
Warning: In design 'MixColumns', three-state bus 'array[1][1][3]' has non three-state driver 'array_reg[1][1][3]/Q'. (LINT-34)
Warning: In design 'MixColumns', three-state bus 'array[1][1][4]' has non three-state driver 'array_reg[1][1][4]/Q'. (LINT-34)
Warning: In design 'MixColumns', three-state bus 'array[1][1][5]' has non three-state driver 'array_reg[1][1][5]/Q'. (LINT-34)
Warning: In design 'MixColumns', three-state bus 'array[1][1][6]' has non three-state driver 'array_reg[1][1][6]/Q'. (LINT-34)
Warning: In design 'MixColumns', three-state bus 'array[1][1][7]' has non three-state driver 'array_reg[1][1][7]/Q'. (LINT-34)
Warning: In design 'MixColumns', three-state bus 'array[1][2][0]' has non three-state driver 'array_reg[1][2][0]/Q'. (LINT-34)
Warning: In design 'MixColumns', three-state bus 'array[1][2][1]' has non three-state driver 'array_reg[1][2][1]/Q'. (LINT-34)
Warning: In design 'MixColumns', three-state bus 'array[1][2][2]' has non three-state driver 'array_reg[1][2][2]/Q'. (LINT-34)
Warning: In design 'MixColumns', three-state bus 'array[1][2][3]' has non three-state driver 'array_reg[1][2][3]/Q'. (LINT-34)
Warning: In design 'MixColumns', three-state bus 'array[1][2][4]' has non three-state driver 'array_reg[1][2][4]/Q'. (LINT-34)
Warning: In design 'MixColumns', three-state bus 'array[1][2][5]' has non three-state driver 'array_reg[1][2][5]/Q'. (LINT-34)
Warning: In design 'MixColumns', three-state bus 'array[1][2][6]' has non three-state driver 'array_reg[1][2][6]/Q'. (LINT-34)
Warning: In design 'MixColumns', three-state bus 'array[1][2][7]' has non three-state driver 'array_reg[1][2][7]/Q'. (LINT-34)
Warning: In design 'MixColumns', three-state bus 'array[1][3][0]' has non three-state driver 'array_reg[1][3][0]/Q'. (LINT-34)
Warning: In design 'MixColumns', three-state bus 'array[1][3][1]' has non three-state driver 'array_reg[1][3][1]/Q'. (LINT-34)
Warning: In design 'MixColumns', three-state bus 'array[1][3][2]' has non three-state driver 'array_reg[1][3][2]/Q'. (LINT-34)
Warning: In design 'MixColumns', three-state bus 'array[1][3][3]' has non three-state driver 'array_reg[1][3][3]/Q'. (LINT-34)
Warning: In design 'MixColumns', three-state bus 'array[1][3][4]' has non three-state driver 'array_reg[1][3][4]/Q'. (LINT-34)
Warning: In design 'MixColumns', three-state bus 'array[1][3][5]' has non three-state driver 'array_reg[1][3][5]/Q'. (LINT-34)
Warning: In design 'MixColumns', three-state bus 'array[1][3][6]' has non three-state driver 'array_reg[1][3][6]/Q'. (LINT-34)
Warning: In design 'MixColumns', three-state bus 'array[1][3][7]' has non three-state driver 'array_reg[1][3][7]/Q'. (LINT-34)
Warning: In design 'MixColumns', three-state bus 'array[2][0][0]' has non three-state driver 'array_reg[2][0][0]/Q'. (LINT-34)
Warning: In design 'MixColumns', three-state bus 'array[2][0][1]' has non three-state driver 'array_reg[2][0][1]/Q'. (LINT-34)
Warning: In design 'MixColumns', three-state bus 'array[2][0][2]' has non three-state driver 'array_reg[2][0][2]/Q'. (LINT-34)
Warning: In design 'MixColumns', three-state bus 'array[2][0][3]' has non three-state driver 'array_reg[2][0][3]/Q'. (LINT-34)
Warning: In design 'MixColumns', three-state bus 'array[2][0][4]' has non three-state driver 'array_reg[2][0][4]/Q'. (LINT-34)
Warning: In design 'MixColumns', three-state bus 'array[2][0][5]' has non three-state driver 'array_reg[2][0][5]/Q'. (LINT-34)
Warning: In design 'MixColumns', three-state bus 'array[2][0][6]' has non three-state driver 'array_reg[2][0][6]/Q'. (LINT-34)
Warning: In design 'MixColumns', three-state bus 'array[2][0][7]' has non three-state driver 'array_reg[2][0][7]/Q'. (LINT-34)
Warning: In design 'MixColumns', three-state bus 'array[2][1][0]' has non three-state driver 'array_reg[2][1][0]/Q'. (LINT-34)
Warning: In design 'MixColumns', three-state bus 'array[2][1][1]' has non three-state driver 'array_reg[2][1][1]/Q'. (LINT-34)
Warning: In design 'MixColumns', three-state bus 'array[2][1][2]' has non three-state driver 'array_reg[2][1][2]/Q'. (LINT-34)
Warning: In design 'MixColumns', three-state bus 'array[2][1][3]' has non three-state driver 'array_reg[2][1][3]/Q'. (LINT-34)
Warning: In design 'MixColumns', three-state bus 'array[2][1][4]' has non three-state driver 'array_reg[2][1][4]/Q'. (LINT-34)
Warning: In design 'MixColumns', three-state bus 'array[2][1][5]' has non three-state driver 'array_reg[2][1][5]/Q'. (LINT-34)
Warning: In design 'MixColumns', three-state bus 'array[2][1][6]' has non three-state driver 'array_reg[2][1][6]/Q'. (LINT-34)
Warning: In design 'MixColumns', three-state bus 'array[2][1][7]' has non three-state driver 'array_reg[2][1][7]/Q'. (LINT-34)
Warning: In design 'MixColumns', three-state bus 'array[2][2][0]' has non three-state driver 'array_reg[2][2][0]/Q'. (LINT-34)
Warning: In design 'MixColumns', three-state bus 'array[2][2][1]' has non three-state driver 'array_reg[2][2][1]/Q'. (LINT-34)
Warning: In design 'MixColumns', three-state bus 'array[2][2][2]' has non three-state driver 'array_reg[2][2][2]/Q'. (LINT-34)
Warning: In design 'MixColumns', three-state bus 'array[2][2][3]' has non three-state driver 'array_reg[2][2][3]/Q'. (LINT-34)
Warning: In design 'MixColumns', three-state bus 'array[2][2][4]' has non three-state driver 'array_reg[2][2][4]/Q'. (LINT-34)
Warning: In design 'MixColumns', three-state bus 'array[2][2][5]' has non three-state driver 'array_reg[2][2][5]/Q'. (LINT-34)
Warning: In design 'MixColumns', three-state bus 'array[2][2][6]' has non three-state driver 'array_reg[2][2][6]/Q'. (LINT-34)
Warning: In design 'MixColumns', three-state bus 'array[2][2][7]' has non three-state driver 'array_reg[2][2][7]/Q'. (LINT-34)
Warning: In design 'MixColumns', three-state bus 'array[2][3][0]' has non three-state driver 'array_reg[2][3][0]/Q'. (LINT-34)
Warning: In design 'MixColumns', three-state bus 'array[2][3][1]' has non three-state driver 'array_reg[2][3][1]/Q'. (LINT-34)
Warning: In design 'MixColumns', three-state bus 'array[2][3][2]' has non three-state driver 'array_reg[2][3][2]/Q'. (LINT-34)
Warning: In design 'MixColumns', three-state bus 'array[2][3][3]' has non three-state driver 'array_reg[2][3][3]/Q'. (LINT-34)
Warning: In design 'MixColumns', three-state bus 'array[2][3][4]' has non three-state driver 'array_reg[2][3][4]/Q'. (LINT-34)
Warning: In design 'MixColumns', three-state bus 'array[2][3][5]' has non three-state driver 'array_reg[2][3][5]/Q'. (LINT-34)
Warning: In design 'MixColumns', three-state bus 'array[2][3][6]' has non three-state driver 'array_reg[2][3][6]/Q'. (LINT-34)
Warning: In design 'MixColumns', three-state bus 'array[2][3][7]' has non three-state driver 'array_reg[2][3][7]/Q'. (LINT-34)
Warning: In design 'MixColumns', three-state bus 'array[3][0][0]' has non three-state driver 'array_reg[3][0][0]/Q'. (LINT-34)
Warning: In design 'MixColumns', three-state bus 'array[3][0][1]' has non three-state driver 'array_reg[3][0][1]/Q'. (LINT-34)
Warning: In design 'MixColumns', three-state bus 'array[3][0][2]' has non three-state driver 'array_reg[3][0][2]/Q'. (LINT-34)
Warning: In design 'MixColumns', three-state bus 'array[3][0][3]' has non three-state driver 'array_reg[3][0][3]/Q'. (LINT-34)
Warning: In design 'MixColumns', three-state bus 'array[3][0][4]' has non three-state driver 'array_reg[3][0][4]/Q'. (LINT-34)
Warning: In design 'MixColumns', three-state bus 'array[3][0][5]' has non three-state driver 'array_reg[3][0][5]/Q'. (LINT-34)
Warning: In design 'MixColumns', three-state bus 'array[3][0][6]' has non three-state driver 'array_reg[3][0][6]/Q'. (LINT-34)
Warning: In design 'MixColumns', three-state bus 'array[3][0][7]' has non three-state driver 'array_reg[3][0][7]/Q'. (LINT-34)
Warning: In design 'MixColumns', three-state bus 'array[3][1][0]' has non three-state driver 'array_reg[3][1][0]/Q'. (LINT-34)
Warning: In design 'MixColumns', three-state bus 'array[3][1][1]' has non three-state driver 'array_reg[3][1][1]/Q'. (LINT-34)
Warning: In design 'MixColumns', three-state bus 'array[3][1][2]' has non three-state driver 'array_reg[3][1][2]/Q'. (LINT-34)
Warning: In design 'MixColumns', three-state bus 'array[3][1][3]' has non three-state driver 'array_reg[3][1][3]/Q'. (LINT-34)
Warning: In design 'MixColumns', three-state bus 'array[3][1][4]' has non three-state driver 'array_reg[3][1][4]/Q'. (LINT-34)
Warning: In design 'MixColumns', three-state bus 'array[3][1][5]' has non three-state driver 'array_reg[3][1][5]/Q'. (LINT-34)
Warning: In design 'MixColumns', three-state bus 'array[3][1][6]' has non three-state driver 'array_reg[3][1][6]/Q'. (LINT-34)
Warning: In design 'MixColumns', three-state bus 'array[3][1][7]' has non three-state driver 'array_reg[3][1][7]/Q'. (LINT-34)
Warning: In design 'MixColumns', three-state bus 'array[3][2][0]' has non three-state driver 'array_reg[3][2][0]/Q'. (LINT-34)
Warning: In design 'MixColumns', three-state bus 'array[3][2][1]' has non three-state driver 'array_reg[3][2][1]/Q'. (LINT-34)
Warning: In design 'MixColumns', three-state bus 'array[3][2][2]' has non three-state driver 'array_reg[3][2][2]/Q'. (LINT-34)
Warning: In design 'MixColumns', three-state bus 'array[3][2][3]' has non three-state driver 'array_reg[3][2][3]/Q'. (LINT-34)
Warning: In design 'MixColumns', three-state bus 'array[3][2][4]' has non three-state driver 'array_reg[3][2][4]/Q'. (LINT-34)
Warning: In design 'MixColumns', three-state bus 'array[3][2][5]' has non three-state driver 'array_reg[3][2][5]/Q'. (LINT-34)
Warning: In design 'MixColumns', three-state bus 'array[3][2][6]' has non three-state driver 'array_reg[3][2][6]/Q'. (LINT-34)
Warning: In design 'MixColumns', three-state bus 'array[3][2][7]' has non three-state driver 'array_reg[3][2][7]/Q'. (LINT-34)
Warning: In design 'MixColumns', three-state bus 'array[3][3][0]' has non three-state driver 'array_reg[3][3][0]/Q'. (LINT-34)
Warning: In design 'MixColumns', three-state bus 'array[3][3][1]' has non three-state driver 'array_reg[3][3][1]/Q'. (LINT-34)
Warning: In design 'MixColumns', three-state bus 'array[3][3][2]' has non three-state driver 'array_reg[3][3][2]/Q'. (LINT-34)
Warning: In design 'MixColumns', three-state bus 'array[3][3][3]' has non three-state driver 'array_reg[3][3][3]/Q'. (LINT-34)
Warning: In design 'MixColumns', three-state bus 'array[3][3][4]' has non three-state driver 'array_reg[3][3][4]/Q'. (LINT-34)
Warning: In design 'MixColumns', three-state bus 'array[3][3][5]' has non three-state driver 'array_reg[3][3][5]/Q'. (LINT-34)
Warning: In design 'MixColumns', three-state bus 'array[3][3][6]' has non three-state driver 'array_reg[3][3][6]/Q'. (LINT-34)
Warning: In design 'MixColumns', three-state bus 'array[3][3][7]' has non three-state driver 'array_reg[3][3][7]/Q'. (LINT-34)
Warning: In design 'MixColumns', three-state bus '*Logic0*' has non three-state driver 'U2/**logic_0**'. (LINT-34)
Warning: In design 'MixColumns', three-state bus '*Logic1*' has non three-state driver 'U1/**logic_1**'. (LINT-34)
Warning: In design 'MixColumns', multiply-driven net 'net13' is driven by constant 0. (LINT-54)
Warning: In design 'MixColumns', multiply-driven net 'net14' is driven by constant 0. (LINT-54)
Warning: In design 'MixColumns', multiply-driven net 'net15' is driven by constant 0. (LINT-54)
Warning: In design 'MixColumns', multiply-driven net 'net16' is driven by constant 0. (LINT-54)
Warning: In design 'MixColumns', multiply-driven net '*Logic0*' is driven by constant 0. (LINT-54)
Warning: In design 'MixColumns', multiply-driven net '*Logic1*' is driven by constant 1. (LINT-54)
quit

Thank you...
Done


