Synthesizing design: rx_sr.sv
dc_shell-t -x "source -echo do_mapping.tcl"
                                        
                           Design Compiler Graphical 
                                 DC Ultra (TM)
                                  DFTMAX (TM)
                              Power Compiler (TM)
                                 DesignWare (R)
                                 DC Expert (TM)
                               Design Vision (TM)
                               HDL Compiler (TM)
                               VHDL Compiler (TM)
                                  DFT Compiler
                               Design Compiler(R)
                                        
               Version K-2015.06-SP1 for linux64 - Jul 21, 2015 
                                        
                    Copyright (c) 1988 - 2015 Synopsys, Inc.
   This software and the associated documentation are proprietary to Synopsys,
 Inc. This software may only be used in accordance with the terms and conditions
 of a written license agreement with Synopsys, Inc. All other use, reproduction,
            or distribution of this software is strictly prohibited.
Initializing...
# Step 1:  Read in the source file
analyze -format sverilog -lib WORK { rx_sr.sv}
Running PRESTO HDLC
Compiling source file ./source/rx_sr.sv
Presto compilation completed successfully.
Loading db file '/package/eda/cells/OSU/v2.7/synopsys/lib/ami05/osu05_stdcells.db'
Loading db file '/package/eda/synopsys/syn-K-2015.06-SP1/libraries/syn/dw_foundation.sldb'
elaborate rx_sr -lib WORK
Loading db file '/package/eda/synopsys/syn-K-2015.06-SP1/libraries/syn/gtech.db'
Loading db file '/package/eda/synopsys/syn-K-2015.06-SP1/libraries/syn/standard.sldb'
  Loading link library 'osu05_stdcells'
  Loading link library 'gtech'
Running PRESTO HDLC
Presto compilation completed successfully.
Elaborated 1 design.
Current design is now 'rx_sr'.
Information: Building the design 'flexbyte_stp_sr' instantiated from design 'rx_sr' with
	the parameters "NUM_BYTES_IN=4,NUM_BYTES_OUT=16". (HDL-193)

Inferred memory devices in process
	in routine flexbyte_stp_sr_NUM_BYTES_IN4_NUM_BYTES_OUT16 line 33 in file
		'./source/flexbyte_stp_sr.sv'.
===============================================================================
|    Register Name    |   Type    | Width | Bus | MB | AR | AS | SR | SS | ST |
===============================================================================
|      ff_q_reg       | Flip-flop |  128  |  Y  | N  | Y  | N  | N  | N  | N  |
===============================================================================
Presto compilation completed successfully.
uniquify
# Step 2: Set design constraints
# Uncomment below to set timing, area, power, etc. constraints
# set_max_delay <delay> -from "<input>" -to "<output>"
# set_max_area <area>
# set_max_total_power <power> mW
# Step 3: Compile the design
compile -map_effort medium
Information: Evaluating DesignWare library utilization. (UISN-27)

============================================================================
| DesignWare Building Block Library  |         Version         | Available |
============================================================================
| Basic DW Building Blocks           | K-2015.06-DWBB_201506.1 |     *     |
| Licensed DW Building Blocks        | K-2015.06-DWBB_201506.1 |           |
============================================================================



  Beginning Pass 1 Mapping
  ------------------------
  Processing 'flexbyte_stp_sr_NUM_BYTES_IN4_NUM_BYTES_OUT16'
  Processing 'rx_sr'

  Updating timing information
Information: Updating design information... (UID-85)
Information: Design 'rx_sr' has no optimization constraints set. (OPT-108)

  Beginning Mapping Optimizations  (Medium effort)
  -------------------------------
  Structuring 'flexbyte_stp_sr_NUM_BYTES_IN4_NUM_BYTES_OUT16'
  Mapping 'flexbyte_stp_sr_NUM_BYTES_IN4_NUM_BYTES_OUT16'

                                  TOTAL                                      
   ELAPSED            WORST NEG   SETUP    DESIGN                            
    TIME      AREA      SLACK     COST    RULE COST         ENDPOINT         
  --------- --------- --------- --------- --------- -------------------------
    0:00:01  276480.0      0.00       0.0       0.0                          
    0:00:01  276480.0      0.00       0.0       0.0                          
    0:00:01  276480.0      0.00       0.0       0.0                          
    0:00:01  276480.0      0.00       0.0       0.0                          
    0:00:01  276480.0      0.00       0.0       0.0                          
    0:00:01  276480.0      0.00       0.0       0.0                          
    0:00:01  276480.0      0.00       0.0       0.0                          
    0:00:01  276480.0      0.00       0.0       0.0                          
    0:00:01  276480.0      0.00       0.0       0.0                          
    0:00:01  276480.0      0.00       0.0       0.0                          
    0:00:01  276480.0      0.00       0.0       0.0                          
    0:00:01  276480.0      0.00       0.0       0.0                          



  Beginning Delay Optimization Phase
  ----------------------------------

                                  TOTAL                                      
   ELAPSED            WORST NEG   SETUP    DESIGN                            
    TIME      AREA      SLACK     COST    RULE COST         ENDPOINT         
  --------- --------- --------- --------- --------- -------------------------
    0:00:01  276480.0      0.00       0.0       0.0                          
    0:00:01  276480.0      0.00       0.0       0.0                          
    0:00:01  276480.0      0.00       0.0       0.0                          


  Beginning Area-Recovery Phase  (cleanup)
  -----------------------------

                                  TOTAL                                      
   ELAPSED            WORST NEG   SETUP    DESIGN                            
    TIME      AREA      SLACK     COST    RULE COST         ENDPOINT         
  --------- --------- --------- --------- --------- -------------------------
    0:00:01  276480.0      0.00       0.0       0.0                          
    0:00:01  276480.0      0.00       0.0       0.0                          
    0:00:01  276480.0      0.00       0.0       0.0                          
    0:00:01  276480.0      0.00       0.0       0.0                          
    0:00:01  276480.0      0.00       0.0       0.0                          
    0:00:01  276480.0      0.00       0.0       0.0                          
    0:00:01  276480.0      0.00       0.0       0.0                          
    0:00:01  276480.0      0.00       0.0       0.0                          
    0:00:01  276480.0      0.00       0.0       0.0                          
    0:00:01  276480.0      0.00       0.0       0.0                          
    0:00:01  276480.0      0.00       0.0       0.0                          
Loading db file '/package/eda/cells/OSU/v2.7/synopsys/lib/ami05/osu05_stdcells.db'


Note: Symbol # after min delay cost means estimated hold TNS across all active scenarios 


  Optimization Complete
  ---------------------
# Step 4: Output reports
report_timing -path full -delay max -max_paths 1 -nworst 1 > reports/rx_sr.rep
report_area >> reports/rx_sr.rep
report_power -hier >> reports/rx_sr.rep
# Step 5: Output final VHDL and Verilog files
write_file -format verilog -hierarchy -output "mapped/rx_sr.v"
Writing verilog file '/home/ecegrid/a/mg135/ece337/project/mapped/rx_sr.v'.
echo "\nScript Done\n"

Script Done

echo "\nChecking Design\n"

Checking Design

check_design
quit

Thank you...
Done


