Synthesizing design: Substitute.sv
dc_shell-t -x "source -echo do_mapping.tcl"
                                        
                           Design Compiler Graphical 
                                 DC Ultra (TM)
                                  DFTMAX (TM)
                              Power Compiler (TM)
                                 DesignWare (R)
                                 DC Expert (TM)
                               Design Vision (TM)
                               HDL Compiler (TM)
                               VHDL Compiler (TM)
                                  DFT Compiler
                               Design Compiler(R)
                                        
               Version K-2015.06-SP1 for linux64 - Jul 21, 2015 
                                        
                    Copyright (c) 1988 - 2015 Synopsys, Inc.
   This software and the associated documentation are proprietary to Synopsys,
 Inc. This software may only be used in accordance with the terms and conditions
 of a written license agreement with Synopsys, Inc. All other use, reproduction,
            or distribution of this software is strictly prohibited.
Initializing...
# Step 1:  Read in the source file
analyze -format sverilog -lib WORK { Substitute.sv}
Running PRESTO HDLC
Compiling source file ./source/Substitute.sv
Presto compilation completed successfully.
Loading db file '/package/eda/cells/OSU/v2.7/synopsys/lib/ami05/osu05_stdcells.db'
Loading db file '/package/eda/synopsys/syn-K-2015.06-SP1/libraries/syn/dw_foundation.sldb'
elaborate Substitute -lib WORK
Loading db file '/package/eda/synopsys/syn-K-2015.06-SP1/libraries/syn/gtech.db'
Loading db file '/package/eda/synopsys/syn-K-2015.06-SP1/libraries/syn/standard.sldb'
  Loading link library 'osu05_stdcells'
  Loading link library 'gtech'
Running PRESTO HDLC

Inferred memory devices in process
	in routine Substitute line 29 in file
		'./source/Substitute.sv'.
===============================================================================
|    Register Name    |   Type    | Width | Bus | MB | AR | AS | SR | SS | ST |
===============================================================================
|     input_q_reg     | Flip-flop |  96   |  Y  | N  | Y  | N  | N  | N  | N  |
===============================================================================
Presto compilation completed successfully.
Elaborated 1 design.
Current design is now 'Substitute'.
Information: Building the design 'flex_counter' instantiated from design 'Substitute' with
	the parameters "3". (HDL-193)

Inferred memory devices in process
	in routine flex_counter_NUM_CNT_BITS3 line 38 in file
		'./source/flex_counter.sv'.
===============================================================================
|    Register Name    |   Type    | Width | Bus | MB | AR | AS | SR | SS | ST |
===============================================================================
|  rollover_flag_reg  | Flip-flop |   1   |  N  | N  | Y  | N  | N  | N  | N  |
|    count_out_reg    | Flip-flop |   3   |  Y  | N  | Y  | N  | N  | N  | N  |
===============================================================================
Presto compilation completed successfully.
Information: Building the design 'SBox'. (HDL-193)
Warning: Cannot find the design 'SBox' in the library 'WORK'. (LBR-1)
Information: Building the design 'flexbyte_stp_sr' instantiated from design 'Substitute' with
	the parameters "1,4,16". (HDL-193)

Inferred memory devices in process
	in routine flexbyte_stp_sr_MSB1_NUM_BYTES_IN4_NUM_BYTES_OUT16 line 33 in file
		'./source/flexbyte_stp_sr.sv'.
===============================================================================
|    Register Name    |   Type    | Width | Bus | MB | AR | AS | SR | SS | ST |
===============================================================================
|      ff_q_reg       | Flip-flop |  128  |  Y  | N  | Y  | N  | N  | N  | N  |
===============================================================================
Presto compilation completed successfully.
Warning: Design 'Substitute' has '1' unresolved references. For more detailed information, use the "link" command. (UID-341)
uniquify
Warning: Design 'Substitute' has '1' unresolved references. For more detailed information, use the "link" command. (UID-341)
# Step 2: Set design constraints
# Uncomment below to set timing, area, power, etc. constraints
# set_max_delay <delay> -from "<input>" -to "<output>"
# set_max_area <area>
# set_max_total_power <power> mW
# Step 3: Compile the design
compile -map_effort medium
Warning: Design 'Substitute' has '1' unresolved references. For more detailed information, use the "link" command. (UID-341)
Information: Checking out the license 'DesignWare'. (SEC-104)
Information: Evaluating DesignWare library utilization. (UISN-27)

============================================================================
| DesignWare Building Block Library  |         Version         | Available |
============================================================================
| Basic DW Building Blocks           | K-2015.06-DWBB_201506.1 |     *     |
| Licensed DW Building Blocks        | K-2015.06-DWBB_201506.1 |     *     |
============================================================================


Information: There are 40 potential problems in your design. Please run 'check_design' for more information. (LINT-99)



  Beginning Pass 1 Mapping
  ------------------------
  Processing 'flexbyte_stp_sr_MSB1_NUM_BYTES_IN4_NUM_BYTES_OUT16'
  Processing 'flex_counter_NUM_CNT_BITS3'
Information: Added key list 'DesignWare' to design 'flex_counter_NUM_CNT_BITS3'. (DDB-72)
  Processing 'Substitute'
Warning: Cell 'U4/U1' (*GEN*145) cannot be exactly translated 1 for 1 into target library.  Ignoring set_compile_directives. (TRANS-9)
Warning: Cell 'U5/U1' (*GEN*144) cannot be exactly translated 1 for 1 into target library.  Ignoring set_compile_directives. (TRANS-9)
Warning: Cell 'U6/U1' (*GEN*143) cannot be exactly translated 1 for 1 into target library.  Ignoring set_compile_directives. (TRANS-9)
Warning: Cell 'U7/U1' (*GEN*142) cannot be exactly translated 1 for 1 into target library.  Ignoring set_compile_directives. (TRANS-9)
Information: Building the design 'SBox'. (HDL-193)
Warning: Cannot find the design 'SBox' in the library 'WORK'. (LBR-1)
Warning: Unable to resolve reference 'SBox' in 'Substitute'. (LINK-5)

  Updating timing information
Information: Updating design information... (UID-85)
Information: Design 'Substitute' has no optimization constraints set. (OPT-108)

  Beginning Mapping Optimizations  (Medium effort)
  -------------------------------
  Structuring 'flexbyte_stp_sr_MSB1_NUM_BYTES_IN4_NUM_BYTES_OUT16'
  Mapping 'flexbyte_stp_sr_MSB1_NUM_BYTES_IN4_NUM_BYTES_OUT16'
  Structuring 'flex_counter_NUM_CNT_BITS3'
  Mapping 'flex_counter_NUM_CNT_BITS3'
  Structuring 'Substitute'
  Mapping 'Substitute'

                                  TOTAL                                      
   ELAPSED            WORST NEG   SETUP    DESIGN                            
    TIME      AREA      SLACK     COST    RULE COST         ENDPOINT         
  --------- --------- --------- --------- --------- -------------------------
    0:00:03  536490.0      0.00       0.0       4.4                          
    0:00:03  536490.0      0.00       0.0       4.4                          
    0:00:03  536490.0      0.00       0.0       4.4                          
    0:00:03  536490.0      0.00       0.0       4.4                          
    0:00:03  536490.0      0.00       0.0       4.4                          
    0:00:03  532098.0      0.00       0.0       4.4                          
    0:00:03  532098.0      0.00       0.0       4.4                          
    0:00:03  532098.0      0.00       0.0       4.4                          
    0:00:03  532098.0      0.00       0.0       4.4                          
    0:00:03  532098.0      0.00       0.0       4.4                          
    0:00:03  532098.0      0.00       0.0       4.4                          
    0:00:03  532098.0      0.00       0.0       4.4                          
    0:00:03  532098.0      0.00       0.0       4.4                          



  Beginning Delay Optimization Phase
  ----------------------------------

                                  TOTAL                                      
   ELAPSED            WORST NEG   SETUP    DESIGN                            
    TIME      AREA      SLACK     COST    RULE COST         ENDPOINT         
  --------- --------- --------- --------- --------- -------------------------
    0:00:03  532098.0      0.00       0.0       4.4                          
    0:00:03  532098.0      0.00       0.0       4.4                          
    0:00:03  532098.0      0.00       0.0       4.4                          


  Beginning Design Rule Fixing  (max_capacitance)
  ----------------------------

                                  TOTAL                                      
   ELAPSED            WORST NEG   SETUP    DESIGN                            
    TIME      AREA      SLACK     COST    RULE COST         ENDPOINT         
  --------- --------- --------- --------- --------- -------------------------
    0:00:03  532098.0      0.00       0.0       4.4                          
    0:00:03  532818.0      0.00       0.0       0.0                          


  Beginning Area-Recovery Phase  (cleanup)
  -----------------------------

                                  TOTAL                                      
   ELAPSED            WORST NEG   SETUP    DESIGN                            
    TIME      AREA      SLACK     COST    RULE COST         ENDPOINT         
  --------- --------- --------- --------- --------- -------------------------
    0:00:03  532818.0      0.00       0.0       0.0                          
    0:00:03  532818.0      0.00       0.0       0.0                          
    0:00:03  532602.0      0.00       0.0       0.0                          
    0:00:03  532458.0      0.00       0.0       0.0                          
    0:00:03  532314.0      0.00       0.0       0.0                          
    0:00:03  532170.0      0.00       0.0       0.0                          
    0:00:03  532026.0      0.00       0.0       0.0                          
    0:00:03  532026.0      0.00       0.0       0.0                          
    0:00:03  532026.0      0.00       0.0       0.0                          
    0:00:03  532026.0      0.00       0.0       0.0                          
    0:00:03  532026.0      0.00       0.0       0.0                          
    0:00:03  532026.0      0.00       0.0       0.0                          
    0:00:03  532026.0      0.00       0.0       0.0                          
    0:00:03  532026.0      0.00       0.0       0.0                          
Loading db file '/package/eda/cells/OSU/v2.7/synopsys/lib/ami05/osu05_stdcells.db'


Note: Symbol # after min delay cost means estimated hold TNS across all active scenarios 


  Optimization Complete
  ---------------------
# Step 4: Output reports
report_timing -path full -delay max -max_paths 1 -nworst 1 > reports/Substitute.rep
report_area >> reports/Substitute.rep
report_power -hier >> reports/Substitute.rep
# Step 5: Output final VHDL and Verilog files
write_file -format verilog -hierarchy -output "mapped/Substitute.v"
Warning: Design 'Substitute' has '1' unresolved references. For more detailed information, use the "link" command. (UID-341)
Writing verilog file '/home/ecegrid/a/mg135/ece337/project/mapped/Substitute.v'.
echo "\nScript Done\n"

Script Done

echo "\nChecking Design\n"

Checking Design

check_design
Warning: Design 'Substitute' has '1' unresolved references. For more detailed information, use the "link" command. (UID-341)
 
****************************************
check_design summary:
Version:     K-2015.06-SP1
Date:        Thu Apr 26 17:23:52 2018
****************************************

                   Name                                            Total
--------------------------------------------------------------------------------
Cells                                                               5
    Connected to power or ground (LINT-32)                          4
    Nets connected to multiple pins on same cell (LINT-33)          1

Tristate                                                           32
    A tristate bus has a non tri-state driver (LINT-34)            32
--------------------------------------------------------------------------------

Warning: In design 'Substitute', a pin on submodule 'Counter' is connected to logic 1 or logic 0. (LINT-32)
   Pin 'clear' is connected to logic 0. 
Warning: In design 'Substitute', a pin on submodule 'Counter' is connected to logic 1 or logic 0. (LINT-32)
   Pin 'rollover_val[2]' is connected to logic 1. 
Warning: In design 'Substitute', a pin on submodule 'Counter' is connected to logic 1 or logic 0. (LINT-32)
   Pin 'rollover_val[1]' is connected to logic 0. 
Warning: In design 'Substitute', a pin on submodule 'Counter' is connected to logic 1 or logic 0. (LINT-32)
   Pin 'rollover_val[0]' is connected to logic 0. 
Warning: In design 'Substitute', the same net is connected to more than one pin on submodule 'Counter'. (LINT-33)
   Net '*Logic0*' is connected to pins 'rollover_val[1]', 'rollover_val[0]''.
Warning: In design 'Substitute', three-state bus 'input4[0]' has non three-state driver 'U486/Y'. (LINT-34)
Warning: In design 'Substitute', three-state bus 'input4[1]' has non three-state driver 'U485/Y'. (LINT-34)
Warning: In design 'Substitute', three-state bus 'input4[2]' has non three-state driver 'U484/Y'. (LINT-34)
Warning: In design 'Substitute', three-state bus 'input4[3]' has non three-state driver 'U483/Y'. (LINT-34)
Warning: In design 'Substitute', three-state bus 'input4[4]' has non three-state driver 'U482/Y'. (LINT-34)
Warning: In design 'Substitute', three-state bus 'input4[5]' has non three-state driver 'U481/Y'. (LINT-34)
Warning: In design 'Substitute', three-state bus 'input4[6]' has non three-state driver 'U480/Y'. (LINT-34)
Warning: In design 'Substitute', three-state bus 'input4[7]' has non three-state driver 'U479/Y'. (LINT-34)
Warning: In design 'Substitute', three-state bus 'input3[0]' has non three-state driver 'U478/Y'. (LINT-34)
Warning: In design 'Substitute', three-state bus 'input3[1]' has non three-state driver 'U477/Y'. (LINT-34)
Warning: In design 'Substitute', three-state bus 'input3[2]' has non three-state driver 'U476/Y'. (LINT-34)
Warning: In design 'Substitute', three-state bus 'input3[3]' has non three-state driver 'U475/Y'. (LINT-34)
Warning: In design 'Substitute', three-state bus 'input3[4]' has non three-state driver 'U474/Y'. (LINT-34)
Warning: In design 'Substitute', three-state bus 'input3[5]' has non three-state driver 'U473/Y'. (LINT-34)
Warning: In design 'Substitute', three-state bus 'input3[6]' has non three-state driver 'U472/Y'. (LINT-34)
Warning: In design 'Substitute', three-state bus 'input3[7]' has non three-state driver 'U471/Y'. (LINT-34)
Warning: In design 'Substitute', three-state bus 'input2[0]' has non three-state driver 'U470/Y'. (LINT-34)
Warning: In design 'Substitute', three-state bus 'input2[1]' has non three-state driver 'U469/Y'. (LINT-34)
Warning: In design 'Substitute', three-state bus 'input2[2]' has non three-state driver 'U468/Y'. (LINT-34)
Warning: In design 'Substitute', three-state bus 'input2[3]' has non three-state driver 'U467/Y'. (LINT-34)
Warning: In design 'Substitute', three-state bus 'input2[4]' has non three-state driver 'U466/Y'. (LINT-34)
Warning: In design 'Substitute', three-state bus 'input2[5]' has non three-state driver 'U465/Y'. (LINT-34)
Warning: In design 'Substitute', three-state bus 'input2[6]' has non three-state driver 'U464/Y'. (LINT-34)
Warning: In design 'Substitute', three-state bus 'input2[7]' has non three-state driver 'U463/Y'. (LINT-34)
Warning: In design 'Substitute', three-state bus 'input1[0]' has non three-state driver 'U462/Y'. (LINT-34)
Warning: In design 'Substitute', three-state bus 'input1[1]' has non three-state driver 'U461/Y'. (LINT-34)
Warning: In design 'Substitute', three-state bus 'input1[2]' has non three-state driver 'U460/Y'. (LINT-34)
Warning: In design 'Substitute', three-state bus 'input1[3]' has non three-state driver 'U459/Y'. (LINT-34)
Warning: In design 'Substitute', three-state bus 'input1[4]' has non three-state driver 'U458/Y'. (LINT-34)
Warning: In design 'Substitute', three-state bus 'input1[5]' has non three-state driver 'U457/Y'. (LINT-34)
Warning: In design 'Substitute', three-state bus 'input1[6]' has non three-state driver 'U456/Y'. (LINT-34)
Warning: In design 'Substitute', three-state bus 'input1[7]' has non three-state driver 'U455/Y'. (LINT-34)
quit

Thank you...
Done


