Synthesizing design: temp.sv
dc_shell-t -x "source -echo do_mapping.tcl"
                                        
                           Design Compiler Graphical 
                                 DC Ultra (TM)
                                  DFTMAX (TM)
                              Power Compiler (TM)
                                 DesignWare (R)
                                 DC Expert (TM)
                               Design Vision (TM)
                               HDL Compiler (TM)
                               VHDL Compiler (TM)
                                  DFT Compiler
                               Design Compiler(R)
                                        
               Version K-2015.06-SP1 for linux64 - Jul 21, 2015 
                                        
                    Copyright (c) 1988 - 2015 Synopsys, Inc.
   This software and the associated documentation are proprietary to Synopsys,
 Inc. This software may only be used in accordance with the terms and conditions
 of a written license agreement with Synopsys, Inc. All other use, reproduction,
            or distribution of this software is strictly prohibited.
Initializing...
# Step 1:  Read in the source file
analyze -format sverilog -lib WORK { temp.sv}
Running PRESTO HDLC
Compiling source file ./source/temp.sv
Presto compilation completed successfully.
Loading db file '/package/eda/cells/OSU/v2.7/synopsys/lib/ami05/osu05_stdcells.db'
Loading db file '/package/eda/synopsys/syn-K-2015.06-SP1/libraries/syn/dw_foundation.sldb'
elaborate temp -lib WORK
Loading db file '/package/eda/synopsys/syn-K-2015.06-SP1/libraries/syn/gtech.db'
Loading db file '/package/eda/synopsys/syn-K-2015.06-SP1/libraries/syn/standard.sldb'
  Loading link library 'osu05_stdcells'
  Loading link library 'gtech'
Running PRESTO HDLC

Inferred memory devices in process
	in routine temp line 34 in file
		'./source/temp.sv'.
===============================================================================
|    Register Name    |   Type    | Width | Bus | MB | AR | AS | SR | SS | ST |
===============================================================================
|     round_q_reg     | Flip-flop |   4   |  Y  | N  | Y  | N  | N  | N  | N  |
|    orig_ff_q_reg    | Flip-flop |  128  |  Y  | N  | Y  | N  | N  | N  | N  |
|    cur_ff_q_reg     | Flip-flop |  128  |  Y  | N  | Y  | N  | N  | N  | N  |
===============================================================================
Presto compilation completed successfully.
Elaborated 1 design.
Current design is now 'temp'.
Information: Building the design 'SBox'. (HDL-193)
Warning: Cannot find the design 'SBox' in the library 'WORK'. (LBR-1)
Warning: Design 'temp' has '1' unresolved references. For more detailed information, use the "link" command. (UID-341)
uniquify
Warning: Design 'temp' has '1' unresolved references. For more detailed information, use the "link" command. (UID-341)
# Step 2: Set design constraints
# Uncomment below to set timing, area, power, etc. constraints
# set_max_delay <delay> -from "<input>" -to "<output>"
# set_max_area <area>
# set_max_total_power <power> mW
# Step 3: Compile the design
compile -map_effort medium
Warning: Design 'temp' has '1' unresolved references. For more detailed information, use the "link" command. (UID-341)
Information: Checking out the license 'DesignWare'. (SEC-104)
Information: Evaluating DesignWare library utilization. (UISN-27)

============================================================================
| DesignWare Building Block Library  |         Version         | Available |
============================================================================
| Basic DW Building Blocks           | K-2015.06-DWBB_201506.1 |     *     |
| Licensed DW Building Blocks        | K-2015.06-DWBB_201506.1 |     *     |
============================================================================


Information: There are 32 potential problems in your design. Please run 'check_design' for more information. (LINT-99)



  Beginning Pass 1 Mapping
  ------------------------
  Processing 'temp'
Information: Added key list 'DesignWare' to design 'temp'. (DDB-72)
Warning: Cell 'U7/U1' (*GEN*190) cannot be exactly translated 1 for 1 into target library.  Ignoring set_compile_directives. (TRANS-9)
Warning: Cell 'U8/U1' (*GEN*189) cannot be exactly translated 1 for 1 into target library.  Ignoring set_compile_directives. (TRANS-9)
Warning: Cell 'U9/U1' (*GEN*188) cannot be exactly translated 1 for 1 into target library.  Ignoring set_compile_directives. (TRANS-9)
Warning: Cell 'U10/U1' (*GEN*187) cannot be exactly translated 1 for 1 into target library.  Ignoring set_compile_directives. (TRANS-9)
Information: Building the design 'SBox'. (HDL-193)
Warning: Cannot find the design 'SBox' in the library 'WORK'. (LBR-1)
Warning: Unable to resolve reference 'SBox' in 'temp'. (LINK-5)

  Updating timing information
Information: Updating design information... (UID-85)
Information: Design 'temp' has no optimization constraints set. (OPT-108)

  Beginning Mapping Optimizations  (Medium effort)
  -------------------------------
  Structuring 'temp'
  Mapping 'temp'

                                  TOTAL                                      
   ELAPSED            WORST NEG   SETUP    DESIGN                            
    TIME      AREA      SLACK     COST    RULE COST         ENDPOINT         
  --------- --------- --------- --------- --------- -------------------------
    0:00:03  803907.0      0.00       0.0       3.8                          
    0:00:03  803907.0      0.00       0.0       3.8                          
    0:00:03  803907.0      0.00       0.0       3.8                          
    0:00:03  803907.0      0.00       0.0       3.8                          
    0:00:03  803907.0      0.00       0.0       3.8                          
    0:00:03  799443.0      0.00       0.0       3.8                          
    0:00:03  799443.0      0.00       0.0       3.8                          
    0:00:03  799443.0      0.00       0.0       3.8                          
    0:00:03  799443.0      0.00       0.0       3.8                          
    0:00:03  799443.0      0.00       0.0       3.8                          
    0:00:03  799947.0      0.00       0.0       0.5                          
    0:00:03  800091.0      0.00       0.0       0.0                          
    0:00:03  800091.0      0.00       0.0       0.0                          
    0:00:03  800091.0      0.00       0.0       0.0                          
    0:00:03  800091.0      0.00       0.0       0.0                          



  Beginning Delay Optimization Phase
  ----------------------------------

                                  TOTAL                                      
   ELAPSED            WORST NEG   SETUP    DESIGN                            
    TIME      AREA      SLACK     COST    RULE COST         ENDPOINT         
  --------- --------- --------- --------- --------- -------------------------
    0:00:03  800091.0      0.00       0.0       0.0                          
    0:00:03  800091.0      0.00       0.0       0.0                          
    0:00:03  800091.0      0.00       0.0       0.0                          


  Beginning Area-Recovery Phase  (cleanup)
  -----------------------------

                                  TOTAL                                      
   ELAPSED            WORST NEG   SETUP    DESIGN                            
    TIME      AREA      SLACK     COST    RULE COST         ENDPOINT         
  --------- --------- --------- --------- --------- -------------------------
    0:00:03  800091.0      0.00       0.0       0.0                          
    0:00:03  800091.0      0.00       0.0       0.0                          
    0:00:03  799803.0      0.00       0.0       0.0                          
    0:00:03  799587.0      0.00       0.0       0.0                          
    0:00:03  799299.0      0.00       0.0       0.0                          
    0:00:03  799011.0      0.00       0.0       0.0                          
    0:00:03  798723.0      0.00       0.0       0.0                          
    0:00:03  798723.0      0.00       0.0       0.0                          
    0:00:03  798723.0      0.00       0.0       0.0                          
    0:00:03  798723.0      0.00       0.0       0.0                          
    0:00:03  798723.0      0.00       0.0       0.0                          
    0:00:03  798723.0      0.00       0.0       0.0                          
    0:00:03  798723.0      0.00       0.0       0.0                          
    0:00:03  798723.0      0.00       0.0       0.0                          
Loading db file '/package/eda/cells/OSU/v2.7/synopsys/lib/ami05/osu05_stdcells.db'


Note: Symbol # after min delay cost means estimated hold TNS across all active scenarios 


  Optimization Complete
  ---------------------
# Step 4: Output reports
report_timing -path full -delay max -max_paths 1 -nworst 1 > reports/temp.rep
report_area >> reports/temp.rep
report_power -hier >> reports/temp.rep
# Step 5: Output final VHDL and Verilog files
write_file -format verilog -hierarchy -output "mapped/temp.v"
Warning: Design 'temp' has '1' unresolved references. For more detailed information, use the "link" command. (UID-341)
Writing verilog file '/home/ecegrid/a/mg135/ece337/project/mapped/temp.v'.
echo "\nScript Done\n"

Script Done

echo "\nChecking Design\n"

Checking Design

check_design
Warning: Design 'temp' has '1' unresolved references. For more detailed information, use the "link" command. (UID-341)
 
****************************************
check_design summary:
Version:     K-2015.06-SP1
Date:        Thu Apr 26 21:37:57 2018
****************************************

                   Name                                            Total
--------------------------------------------------------------------------------
Tristate                                                           32
    A tristate bus has a non tri-state driver (LINT-34)            32
--------------------------------------------------------------------------------

Warning: In design 'temp', three-state bus 'input4[0]' has non three-state driver 'U1500/Y'. (LINT-34)
Warning: In design 'temp', three-state bus 'input4[1]' has non three-state driver 'U1499/Y'. (LINT-34)
Warning: In design 'temp', three-state bus 'input4[2]' has non three-state driver 'U1498/Y'. (LINT-34)
Warning: In design 'temp', three-state bus 'input4[3]' has non three-state driver 'U1497/Y'. (LINT-34)
Warning: In design 'temp', three-state bus 'input4[4]' has non three-state driver 'U1496/Y'. (LINT-34)
Warning: In design 'temp', three-state bus 'input4[5]' has non three-state driver 'U1495/Y'. (LINT-34)
Warning: In design 'temp', three-state bus 'input4[6]' has non three-state driver 'U1494/Y'. (LINT-34)
Warning: In design 'temp', three-state bus 'input4[7]' has non three-state driver 'U1493/Y'. (LINT-34)
Warning: In design 'temp', three-state bus 'input3[0]' has non three-state driver 'U1492/Y'. (LINT-34)
Warning: In design 'temp', three-state bus 'input3[1]' has non three-state driver 'U1491/Y'. (LINT-34)
Warning: In design 'temp', three-state bus 'input3[2]' has non three-state driver 'U1490/Y'. (LINT-34)
Warning: In design 'temp', three-state bus 'input3[3]' has non three-state driver 'U1489/Y'. (LINT-34)
Warning: In design 'temp', three-state bus 'input3[4]' has non three-state driver 'U1488/Y'. (LINT-34)
Warning: In design 'temp', three-state bus 'input3[5]' has non three-state driver 'U1487/Y'. (LINT-34)
Warning: In design 'temp', three-state bus 'input3[6]' has non three-state driver 'U1486/Y'. (LINT-34)
Warning: In design 'temp', three-state bus 'input3[7]' has non three-state driver 'U1485/Y'. (LINT-34)
Warning: In design 'temp', three-state bus 'input2[0]' has non three-state driver 'U1484/Y'. (LINT-34)
Warning: In design 'temp', three-state bus 'input2[1]' has non three-state driver 'U1483/Y'. (LINT-34)
Warning: In design 'temp', three-state bus 'input2[2]' has non three-state driver 'U1482/Y'. (LINT-34)
Warning: In design 'temp', three-state bus 'input2[3]' has non three-state driver 'U1481/Y'. (LINT-34)
Warning: In design 'temp', three-state bus 'input2[4]' has non three-state driver 'U1480/Y'. (LINT-34)
Warning: In design 'temp', three-state bus 'input2[5]' has non three-state driver 'U1479/Y'. (LINT-34)
Warning: In design 'temp', three-state bus 'input2[6]' has non three-state driver 'U1478/Y'. (LINT-34)
Warning: In design 'temp', three-state bus 'input2[7]' has non three-state driver 'U1477/Y'. (LINT-34)
Warning: In design 'temp', three-state bus 'input1[0]' has non three-state driver 'U1476/Y'. (LINT-34)
Warning: In design 'temp', three-state bus 'input1[1]' has non three-state driver 'U1475/Y'. (LINT-34)
Warning: In design 'temp', three-state bus 'input1[2]' has non three-state driver 'U1474/Y'. (LINT-34)
Warning: In design 'temp', three-state bus 'input1[3]' has non three-state driver 'U1473/Y'. (LINT-34)
Warning: In design 'temp', three-state bus 'input1[4]' has non three-state driver 'U1472/Y'. (LINT-34)
Warning: In design 'temp', three-state bus 'input1[5]' has non three-state driver 'U1471/Y'. (LINT-34)
Warning: In design 'temp', three-state bus 'input1[6]' has non three-state driver 'U1470/Y'. (LINT-34)
Warning: In design 'temp', three-state bus 'input1[7]' has non three-state driver 'U1469/Y'. (LINT-34)
quit

Thank you...
Done


